<?xml version="1.0" encoding="utf-8"?><testsuites name="pytest tests"><testsuite name="pytest" errors="0" failures="0" skipped="0" tests="7" time="0.349" timestamp="2026-06-05T22:09:07.619966+00:00" hostname="ip-172-31-10-27"><testcase classname="test_security" name="test_valid_login" time="0.027" /><testcase classname="test_security" name="test_invalid_credentials" time="0.018" /><testcase classname="test_security" name="test_sql_injection_prevention" time="0.019" /><testcase classname="test_security" name="test_input_validation_username_too_short" time="0.017" /><testcase classname="test_security" name="test_input_validation_username_too_long" time="0.017" /><testcase classname="test_security" name="test_input_validation_special_characters" time="0.016" /><testcase classname="test_security" name="test_password_hashing" time="0.016" /></testsuite></testsuites>